<?xml version="1.0" encoding="UTF-8"?>
<!-- Generated by org.testng.reporters.JUnitXMLReporter -->
<testsuite hostname="QTLSYS0-222" ignored="9" name="Test" tests="1" failures="0" timestamp="16 Jun 2020 07:27:30 GMT" time="153.292" errors="0">
  <testcase name="B20_849_TS_3" time="151.325" classname="tests.QCStore"/>
  <testcase name="Req_ID_548_LOC_01" time="0.0" classname="tests.QCStore">
    <ignored/>
  </testcase> <!-- Req_ID_548_LOC_01 -->
  <testcase name="B20_846_TS_5" time="0.0" classname="tests.QCStore">
    <ignored/>
  </testcase> <!-- B20_846_TS_5 -->
  <testcase name="TS_01_601_001" time="0.0" classname="tests.QCStore">
    <ignored/>
  </testcase> <!-- TS_01_601_001 -->
  <testcase name="Req_ID_548_TLP_02" time="0.0" classname="tests.QCStore">
    <ignored/>
  </testcase> <!-- Req_ID_548_TLP_02 -->
  <testcase name="B20_846_TS_6" time="0.0" classname="tests.QCStore">
    <ignored/>
  </testcase> <!-- B20_846_TS_6 -->
  <testcase name="Req_ID_548_LOC_02" time="0.0" classname="tests.QCStore">
    <ignored/>
  </testcase> <!-- Req_ID_548_LOC_02 -->
  <testcase name="B20_846_TS_4" time="0.0" classname="tests.QCStore">
    <ignored/>
  </testcase> <!-- B20_846_TS_4 -->
  <testcase name="TS_01_601_002" time="0.0" classname="tests.QCStore">
    <ignored/>
  </testcase> <!-- TS_01_601_002 -->
  <testcase name="B20_846_TS_3" time="0.0" classname="tests.QCStore">
    <ignored/>
  </testcase> <!-- B20_846_TS_3 -->
</testsuite> <!-- Test -->
