<?xml version="1.0" encoding="UTF-8"?>
<testng-results skipped="0" failed="0" ignored="9" total="10" passed="1">
  <reporter-output>
  </reporter-output>
  <suite name="Suite" duration-ms="153292" started-at="2020-06-16T07:24:56Z" finished-at="2020-06-16T07:27:30Z">
    <groups>
      <group name="TLP1">
        <method signature="QCStore.B20_849_TS_3()[pri:25, instance:tests.QCStore@5f9d02cb]" name="B20_849_TS_3" class="tests.QCStore"/>
      </group> <!-- TLP1 -->
    </groups>
    <test name="Test" duration-ms="153292" started-at="2020-06-16T07:24:56Z" finished-at="2020-06-16T07:27:30Z">
      <class name="tests.QCStore">
        <test-method status="PASS" signature="setup()[pri:0, instance:tests.QCStore@5f9d02cb]" name="setup" is-config="true" duration-ms="86" started-at="2020-06-16T07:24:56Z" finished-at="2020-06-16T07:24:56Z">
          <reporter-output>
          </reporter-output>
        </test-method> <!-- setup -->
        <test-method status="PASS" signature="killProcess()[pri:0, instance:tests.QCStore@5f9d02cb]" name="killProcess" is-config="true" duration-ms="1001" started-at="2020-06-16T07:24:56Z" finished-at="2020-06-16T07:24:57Z">
          <reporter-output>
          </reporter-output>
        </test-method> <!-- killProcess -->
        <test-method status="PASS" signature="B20_849_TS_3()[pri:25, instance:tests.QCStore@5f9d02cb]" name="B20_849_TS_3" duration-ms="151325" started-at="2020-06-16T07:24:57Z" finished-at="2020-06-16T07:27:29Z">
          <reporter-output>
          </reporter-output>
        </test-method> <!-- B20_849_TS_3 -->
        <test-method status="PASS" signature="getResult(org.testng.ITestResult)[pri:0, instance:tests.QCStore@5f9d02cb]" name="getResult" is-config="true" duration-ms="866" started-at="2020-06-16T07:27:29Z" finished-at="2020-06-16T07:27:30Z">
          <params>
            <param index="0">
              <value>
                <![CDATA[[TestResult name=B20_849_TS_3 status=SUCCESS method=QCStore.B20_849_TS_3()[pri:25, instance:tests.QCStore@5f9d02cb] output={null}]]]>
              </value>
            </param>
          </params>
          <reporter-output>
          </reporter-output>
        </test-method> <!-- getResult -->
      </class> <!-- tests.QCStore -->
    </test> <!-- Test -->
  </suite> <!-- Suite -->
</testng-results>
